-------------------------------------------------------------------------------
Test set: com.example.demo.controller.RepositoryControllerTest
-------------------------------------------------------------------------------
Tests run: 2, Failures: 1, Errors: 0, Skipped: 0, Time elapsed: 0.335 s <<< FAILURE! - in com.example.demo.controller.RepositoryControllerTest
getAndIncreaseReadCounter  Time elapsed: 0.128 s  <<< FAILURE!
java.lang.AssertionError
	at com.example.demo.controller.RepositoryControllerTest.getAndIncreaseReadCounter(RepositoryControllerTest.java:25)
Caused by: java.lang.AssertionError: Error while loading example: {}

