<?xml version="1.0" encoding="UTF-8"?>
<testsuite xmlns:xsi="http://www.w3.org/2001/XMLSchema-instance" xsi:noNamespaceSchemaLocation="https://maven.apache.org/surefire/maven-surefire-plugin/xsd/surefire-test-report.xsd" name="com.example.demo.controller.RepositoryControllerTest" time="0.335" tests="2" errors="0" skipped="0" failures="1">
  <properties>
[...]
</properties>
  <testcase name="getAndIncreaseReadCounter" classname="com.example.demo.controller.RepositoryControllerTest" time="0.128">
    <failure type="java.lang.AssertionError">java.lang.AssertionError
	at com.example.demo.controller.RepositoryControllerTest.getAndIncreaseReadCounter(RepositoryControllerTest.java:25)
Caused by: java.lang.AssertionError: Error while loading example: {}
</failure>
    <system-out><![CDATA[
MockHttpServletRequest:
      HTTP Method = POST
      Request URI = /api/v1/repository
       Parameters = {}
          Headers = [Content-Type:"application/json;charset=UTF-8"]
             Body = {"id":"49b5ae22-812b-47c2-b283-f42945b3a83c","readCounter":0}
    Session Attrs = {}

Handler:
             Type = com.example.demo.controller.RepositoryController
           Method = com.example.demo.controller.RepositoryController#create(Example)

Async:
    Async started = false
     Async result = null

Resolved Exception:
             Type = null

ModelAndView:
        View name = null
             View = null
            Model = null

FlashMap:
       Attributes = null

MockHttpServletResponse:
           Status = 201
    Error message = null
          Headers = [Content-Type:"application/json"]
     Content type = application/json
             Body = {"id":"49b5ae22-812b-47c2-b283-f42945b3a83c","readCounter":0}
    Forwarded URL = null
   Redirected URL = null
          Cookies = []

MockHttpServletRequest:
      HTTP Method = GET
      Request URI = /api/v1/repository/increase-and-get/49b5ae22-812b-47c2-b283-f42945b3a83c
       Parameters = {}
          Headers = []
             Body = null
    Session Attrs = {}

Handler:
             Type = com.example.demo.controller.RepositoryController
           Method = com.example.demo.controller.RepositoryController#getAndIncreaseReadCounter(String)

Async:
    Async started = false
     Async result = null

Resolved Exception:
             Type = null

ModelAndView:
        View name = null
             View = null
            Model = null

FlashMap:
       Attributes = null

MockHttpServletResponse:
           Status = 200
    Error message = null
          Headers = [Content-Type:"application/json"]
     Content type = application/json
             Body = {"id":"49b5ae22-812b-47c2-b283-f42945b3a83c","readCounter":1}
    Forwarded URL = null
   Redirected URL = null
          Cookies = []
]]></system-out>
  </testcase>
  <testcase name="getWithoutIncreasingReadCounter" classname="com.example.demo.controller.RepositoryControllerTest" time="0.197"/>
</testsuite>